0 verbose cli /opt/homebrew/Cellar/node/24.2.0/bin/node /opt/homebrew/bin/npm
1 info using npm@11.3.0
2 info using node@v24.2.0
3 silly config load:file:/opt/homebrew/lib/node_modules/npm/npmrc
4 silly config load:file:/Users/ton/Desktop/columbia-academic/courses/start-up/Tripable/.npmrc
5 silly config load:file:/Users/ton/.npmrc
6 silly config load:file:/opt/homebrew/etc/npmrc
7 verbose title npm install
8 verbose argv "install" "--no-audit" "--no-fund"
9 verbose logfile logs-max:10 dir:/Users/ton/Desktop/columbia-academic/courses/start-up/Tripable/.npm-cache/_logs/2026-03-24T17_19_11_518Z-
10 verbose logfile /Users/ton/Desktop/columbia-academic/courses/start-up/Tripable/.npm-cache/_logs/2026-03-24T17_19_11_518Z-debug-0.log
11 silly logfile done cleaning log files
12 silly packumentCache heap:2348810240 maxSize:587202560 maxEntrySize:293601280
13 http fetch GET https://registry.npmjs.org/npm attempt 1 failed with ENOTFOUND
14 silly idealTree buildDeps
15 silly placeDep ROOT tripute-client@0.0.1 OK for:  want: file:/Users/ton/Desktop/columbia-academic/courses/start-up/Tripable/client
16 silly reify moves {}
17 verbose reify failed optional dependency /Users/ton/Desktop/columbia-academic/courses/start-up/Tripable/node_modules/@rollup/rollup-win32-x64-msvc
18 silly reify mark deleted [
18 silly reify   '/Users/ton/Desktop/columbia-academic/courses/start-up/Tripable/node_modules/@rollup/rollup-win32-x64-msvc'
18 silly reify ]
19 verbose reify failed optional dependency /Users/ton/Desktop/columbia-academic/courses/start-up/Tripable/node_modules/@rollup/rollup-win32-x64-gnu
20 silly reify mark deleted [
20 silly reify   '/Users/ton/Desktop/columbia-academic/courses/start-up/Tripable/node_modules/@rollup/rollup-win32-x64-gnu'
20 silly reify ]
21 verbose reify failed optional dependency /Users/ton/Desktop/columbia-academic/courses/start-up/Tripable/node_modules/@rollup/rollup-win32-ia32-msvc
22 silly reify mark deleted [
22 silly reify   '/Users/ton/Desktop/columbia-academic/courses/start-up/Tripable/node_modules/@rollup/rollup-win32-ia32-msvc'
22 silly reify ]
23 verbose reify failed optional dependency /Users/ton/Desktop/columbia-academic/courses/start-up/Tripable/node_modules/@rollup/rollup-win32-arm64-msvc
24 silly reify mark deleted [
24 silly reify   '/Users/ton/Desktop/columbia-academic/courses/start-up/Tripable/node_modules/@rollup/rollup-win32-arm64-msvc'
24 silly reify ]
25 verbose reify failed optional dependency /Users/ton/Desktop/columbia-academic/courses/start-up/Tripable/node_modules/@rollup/rollup-openharmony-arm64
26 silly reify mark deleted [
26 silly reify   '/Users/ton/Desktop/columbia-academic/courses/start-up/Tripable/node_modules/@rollup/rollup-openharmony-arm64'
26 silly reify ]
27 verbose reify failed optional dependency /Users/ton/Desktop/columbia-academic/courses/start-up/Tripable/node_modules/@rollup/rollup-openbsd-x64
28 silly reify mark deleted [
28 silly reify   '/Users/ton/Desktop/columbia-academic/courses/start-up/Tripable/node_modules/@rollup/rollup-openbsd-x64'
28 silly reify ]
29 verbose reify failed optional dependency /Users/ton/Desktop/columbia-academic/courses/start-up/Tripable/node_modules/@rollup/rollup-linux-x64-musl
30 silly reify mark deleted [
30 silly reify   '/Users/ton/Desktop/columbia-academic/courses/start-up/Tripable/node_modules/@rollup/rollup-linux-x64-musl'
30 silly reify ]
31 verbose reify failed optional dependency /Users/ton/Desktop/columbia-academic/courses/start-up/Tripable/node_modules/@rollup/rollup-linux-x64-gnu
32 silly reify mark deleted [
32 silly reify   '/Users/ton/Desktop/columbia-academic/courses/start-up/Tripable/node_modules/@rollup/rollup-linux-x64-gnu'
32 silly reify ]
33 verbose reify failed optional dependency /Users/ton/Desktop/columbia-academic/courses/start-up/Tripable/node_modules/@rollup/rollup-linux-s390x-gnu
34 silly reify mark deleted [
34 silly reify   '/Users/ton/Desktop/columbia-academic/courses/start-up/Tripable/node_modules/@rollup/rollup-linux-s390x-gnu'
34 silly reify ]
35 verbose reify failed optional dependency /Users/ton/Desktop/columbia-academic/courses/start-up/Tripable/node_modules/@rollup/rollup-linux-riscv64-musl
36 silly reify mark deleted [
36 silly reify   '/Users/ton/Desktop/columbia-academic/courses/start-up/Tripable/node_modules/@rollup/rollup-linux-riscv64-musl'
36 silly reify ]
37 verbose reify failed optional dependency /Users/ton/Desktop/columbia-academic/courses/start-up/Tripable/node_modules/@rollup/rollup-linux-riscv64-gnu
38 silly reify mark deleted [
38 silly reify   '/Users/ton/Desktop/columbia-academic/courses/start-up/Tripable/node_modules/@rollup/rollup-linux-riscv64-gnu'
38 silly reify ]
39 verbose reify failed optional dependency /Users/ton/Desktop/columbia-academic/courses/start-up/Tripable/node_modules/@rollup/rollup-linux-ppc64-musl
40 silly reify mark deleted [
40 silly reify   '/Users/ton/Desktop/columbia-academic/courses/start-up/Tripable/node_modules/@rollup/rollup-linux-ppc64-musl'
40 silly reify ]
41 verbose reify failed optional dependency /Users/ton/Desktop/columbia-academic/courses/start-up/Tripable/node_modules/@rollup/rollup-linux-ppc64-gnu
42 silly reify mark deleted [
42 silly reify   '/Users/ton/Desktop/columbia-academic/courses/start-up/Tripable/node_modules/@rollup/rollup-linux-ppc64-gnu'
42 silly reify ]
43 verbose reify failed optional dependency /Users/ton/Desktop/columbia-academic/courses/start-up/Tripable/node_modules/@rollup/rollup-linux-loong64-musl
44 silly reify mark deleted [
44 silly reify   '/Users/ton/Desktop/columbia-academic/courses/start-up/Tripable/node_modules/@rollup/rollup-linux-loong64-musl'
44 silly reify ]
45 verbose reify failed optional dependency /Users/ton/Desktop/columbia-academic/courses/start-up/Tripable/node_modules/@rollup/rollup-linux-loong64-gnu
46 silly reify mark deleted [
46 silly reify   '/Users/ton/Desktop/columbia-academic/courses/start-up/Tripable/node_modules/@rollup/rollup-linux-loong64-gnu'
46 silly reify ]
47 verbose reify failed optional dependency /Users/ton/Desktop/columbia-academic/courses/start-up/Tripable/node_modules/@rollup/rollup-linux-arm64-musl
48 silly reify mark deleted [
48 silly reify   '/Users/ton/Desktop/columbia-academic/courses/start-up/Tripable/node_modules/@rollup/rollup-linux-arm64-musl'
48 silly reify ]
49 verbose reify failed optional dependency /Users/ton/Desktop/columbia-academic/courses/start-up/Tripable/node_modules/@rollup/rollup-linux-arm64-gnu
50 silly reify mark deleted [
50 silly reify   '/Users/ton/Desktop/columbia-academic/courses/start-up/Tripable/node_modules/@rollup/rollup-linux-arm64-gnu'
50 silly reify ]
51 verbose reify failed optional dependency /Users/ton/Desktop/columbia-academic/courses/start-up/Tripable/node_modules/@rollup/rollup-linux-arm-musleabihf
52 silly reify mark deleted [
52 silly reify   '/Users/ton/Desktop/columbia-academic/courses/start-up/Tripable/node_modules/@rollup/rollup-linux-arm-musleabihf'
52 silly reify ]
53 verbose reify failed optional dependency /Users/ton/Desktop/columbia-academic/courses/start-up/Tripable/node_modules/@rollup/rollup-linux-arm-gnueabihf
54 silly reify mark deleted [
54 silly reify   '/Users/ton/Desktop/columbia-academic/courses/start-up/Tripable/node_modules/@rollup/rollup-linux-arm-gnueabihf'
54 silly reify ]
55 verbose reify failed optional dependency /Users/ton/Desktop/columbia-academic/courses/start-up/Tripable/node_modules/@rollup/rollup-freebsd-x64
56 silly reify mark deleted [
56 silly reify   '/Users/ton/Desktop/columbia-academic/courses/start-up/Tripable/node_modules/@rollup/rollup-freebsd-x64'
56 silly reify ]
57 verbose reify failed optional dependency /Users/ton/Desktop/columbia-academic/courses/start-up/Tripable/node_modules/@rollup/rollup-freebsd-arm64
58 silly reify mark deleted [
58 silly reify   '/Users/ton/Desktop/columbia-academic/courses/start-up/Tripable/node_modules/@rollup/rollup-freebsd-arm64'
58 silly reify ]
59 verbose reify failed optional dependency /Users/ton/Desktop/columbia-academic/courses/start-up/Tripable/node_modules/@rollup/rollup-darwin-x64
60 silly reify mark deleted [
60 silly reify   '/Users/ton/Desktop/columbia-academic/courses/start-up/Tripable/node_modules/@rollup/rollup-darwin-x64'
60 silly reify ]
61 verbose reify failed optional dependency /Users/ton/Desktop/columbia-academic/courses/start-up/Tripable/node_modules/@rollup/rollup-android-arm64
62 silly reify mark deleted [
62 silly reify   '/Users/ton/Desktop/columbia-academic/courses/start-up/Tripable/node_modules/@rollup/rollup-android-arm64'
62 silly reify ]
63 verbose reify failed optional dependency /Users/ton/Desktop/columbia-academic/courses/start-up/Tripable/node_modules/@rollup/rollup-android-arm-eabi
64 silly reify mark deleted [
64 silly reify   '/Users/ton/Desktop/columbia-academic/courses/start-up/Tripable/node_modules/@rollup/rollup-android-arm-eabi'
64 silly reify ]
65 verbose reify failed optional dependency /Users/ton/Desktop/columbia-academic/courses/start-up/Tripable/node_modules/@esbuild/win32-x64
66 silly reify mark deleted [
66 silly reify   '/Users/ton/Desktop/columbia-academic/courses/start-up/Tripable/node_modules/@esbuild/win32-x64'
66 silly reify ]
67 verbose reify failed optional dependency /Users/ton/Desktop/columbia-academic/courses/start-up/Tripable/node_modules/@esbuild/win32-ia32
68 silly reify mark deleted [
68 silly reify   '/Users/ton/Desktop/columbia-academic/courses/start-up/Tripable/node_modules/@esbuild/win32-ia32'
68 silly reify ]
69 verbose reify failed optional dependency /Users/ton/Desktop/columbia-academic/courses/start-up/Tripable/node_modules/@esbuild/win32-arm64
70 silly reify mark deleted [
70 silly reify   '/Users/ton/Desktop/columbia-academic/courses/start-up/Tripable/node_modules/@esbuild/win32-arm64'
70 silly reify ]
71 verbose reify failed optional dependency /Users/ton/Desktop/columbia-academic/courses/start-up/Tripable/node_modules/@esbuild/sunos-x64
72 silly reify mark deleted [
72 silly reify   '/Users/ton/Desktop/columbia-academic/courses/start-up/Tripable/node_modules/@esbuild/sunos-x64'
72 silly reify ]
73 verbose reify failed optional dependency /Users/ton/Desktop/columbia-academic/courses/start-up/Tripable/node_modules/@esbuild/openharmony-arm64
74 silly reify mark deleted [
74 silly reify   '/Users/ton/Desktop/columbia-academic/courses/start-up/Tripable/node_modules/@esbuild/openharmony-arm64'
74 silly reify ]
75 verbose reify failed optional dependency /Users/ton/Desktop/columbia-academic/courses/start-up/Tripable/node_modules/@esbuild/openbsd-x64
76 silly reify mark deleted [
76 silly reify   '/Users/ton/Desktop/columbia-academic/courses/start-up/Tripable/node_modules/@esbuild/openbsd-x64'
76 silly reify ]
77 verbose reify failed optional dependency /Users/ton/Desktop/columbia-academic/courses/start-up/Tripable/node_modules/@esbuild/openbsd-arm64
78 silly reify mark deleted [
78 silly reify   '/Users/ton/Desktop/columbia-academic/courses/start-up/Tripable/node_modules/@esbuild/openbsd-arm64'
78 silly reify ]
79 verbose reify failed optional dependency /Users/ton/Desktop/columbia-academic/courses/start-up/Tripable/node_modules/@esbuild/netbsd-x64
80 silly reify mark deleted [
80 silly reify   '/Users/ton/Desktop/columbia-academic/courses/start-up/Tripable/node_modules/@esbuild/netbsd-x64'
80 silly reify ]
81 verbose reify failed optional dependency /Users/ton/Desktop/columbia-academic/courses/start-up/Tripable/node_modules/@esbuild/netbsd-arm64
82 silly reify mark deleted [
82 silly reify   '/Users/ton/Desktop/columbia-academic/courses/start-up/Tripable/node_modules/@esbuild/netbsd-arm64'
82 silly reify ]
83 verbose reify failed optional dependency /Users/ton/Desktop/columbia-academic/courses/start-up/Tripable/node_modules/@esbuild/linux-x64
84 silly reify mark deleted [
84 silly reify   '/Users/ton/Desktop/columbia-academic/courses/start-up/Tripable/node_modules/@esbuild/linux-x64'
84 silly reify ]
85 verbose reify failed optional dependency /Users/ton/Desktop/columbia-academic/courses/start-up/Tripable/node_modules/@esbuild/linux-s390x
86 silly reify mark deleted [
86 silly reify   '/Users/ton/Desktop/columbia-academic/courses/start-up/Tripable/node_modules/@esbuild/linux-s390x'
86 silly reify ]
87 verbose reify failed optional dependency /Users/ton/Desktop/columbia-academic/courses/start-up/Tripable/node_modules/@esbuild/linux-riscv64
88 silly reify mark deleted [
88 silly reify   '/Users/ton/Desktop/columbia-academic/courses/start-up/Tripable/node_modules/@esbuild/linux-riscv64'
88 silly reify ]
89 verbose reify failed optional dependency /Users/ton/Desktop/columbia-academic/courses/start-up/Tripable/node_modules/@esbuild/linux-ppc64
90 silly reify mark deleted [
90 silly reify   '/Users/ton/Desktop/columbia-academic/courses/start-up/Tripable/node_modules/@esbuild/linux-ppc64'
90 silly reify ]
91 verbose reify failed optional dependency /Users/ton/Desktop/columbia-academic/courses/start-up/Tripable/node_modules/@esbuild/linux-mips64el
92 silly reify mark deleted [
92 silly reify   '/Users/ton/Desktop/columbia-academic/courses/start-up/Tripable/node_modules/@esbuild/linux-mips64el'
92 silly reify ]
93 verbose reify failed optional dependency /Users/ton/Desktop/columbia-academic/courses/start-up/Tripable/node_modules/@esbuild/linux-loong64
94 silly reify mark deleted [
94 silly reify   '/Users/ton/Desktop/columbia-academic/courses/start-up/Tripable/node_modules/@esbuild/linux-loong64'
94 silly reify ]
95 verbose reify failed optional dependency /Users/ton/Desktop/columbia-academic/courses/start-up/Tripable/node_modules/@esbuild/linux-ia32
96 silly reify mark deleted [
96 silly reify   '/Users/ton/Desktop/columbia-academic/courses/start-up/Tripable/node_modules/@esbuild/linux-ia32'
96 silly reify ]
97 verbose reify failed optional dependency /Users/ton/Desktop/columbia-academic/courses/start-up/Tripable/node_modules/@esbuild/linux-arm64
98 silly reify mark deleted [
98 silly reify   '/Users/ton/Desktop/columbia-academic/courses/start-up/Tripable/node_modules/@esbuild/linux-arm64'
98 silly reify ]
99 verbose reify failed optional dependency /Users/ton/Desktop/columbia-academic/courses/start-up/Tripable/node_modules/@esbuild/linux-arm
100 silly reify mark deleted [
100 silly reify   '/Users/ton/Desktop/columbia-academic/courses/start-up/Tripable/node_modules/@esbuild/linux-arm'
100 silly reify ]
101 verbose reify failed optional dependency /Users/ton/Desktop/columbia-academic/courses/start-up/Tripable/node_modules/@esbuild/freebsd-x64
102 silly reify mark deleted [
102 silly reify   '/Users/ton/Desktop/columbia-academic/courses/start-up/Tripable/node_modules/@esbuild/freebsd-x64'
102 silly reify ]
103 verbose reify failed optional dependency /Users/ton/Desktop/columbia-academic/courses/start-up/Tripable/node_modules/@esbuild/freebsd-arm64
104 silly reify mark deleted [
104 silly reify   '/Users/ton/Desktop/columbia-academic/courses/start-up/Tripable/node_modules/@esbuild/freebsd-arm64'
104 silly reify ]
105 verbose reify failed optional dependency /Users/ton/Desktop/columbia-academic/courses/start-up/Tripable/node_modules/@esbuild/darwin-x64
106 silly reify mark deleted [
106 silly reify   '/Users/ton/Desktop/columbia-academic/courses/start-up/Tripable/node_modules/@esbuild/darwin-x64'
106 silly reify ]
107 verbose reify failed optional dependency /Users/ton/Desktop/columbia-academic/courses/start-up/Tripable/node_modules/@esbuild/android-x64
108 silly reify mark deleted [
108 silly reify   '/Users/ton/Desktop/columbia-academic/courses/start-up/Tripable/node_modules/@esbuild/android-x64'
108 silly reify ]
109 verbose reify failed optional dependency /Users/ton/Desktop/columbia-academic/courses/start-up/Tripable/node_modules/@esbuild/android-arm64
110 silly reify mark deleted [
110 silly reify   '/Users/ton/Desktop/columbia-academic/courses/start-up/Tripable/node_modules/@esbuild/android-arm64'
110 silly reify ]
111 verbose reify failed optional dependency /Users/ton/Desktop/columbia-academic/courses/start-up/Tripable/node_modules/@esbuild/android-arm
112 silly reify mark deleted [
112 silly reify   '/Users/ton/Desktop/columbia-academic/courses/start-up/Tripable/node_modules/@esbuild/android-arm'
112 silly reify ]
113 verbose reify failed optional dependency /Users/ton/Desktop/columbia-academic/courses/start-up/Tripable/node_modules/@esbuild/aix-ppc64
114 silly reify mark deleted [
114 silly reify   '/Users/ton/Desktop/columbia-academic/courses/start-up/Tripable/node_modules/@esbuild/aix-ppc64'
114 silly reify ]
115 http cache zustand@https://registry.npmjs.org/zustand/-/zustand-4.5.7.tgz 11ms (cache hit)
116 http cache yallist@https://registry.npmjs.org/yallist/-/yallist-3.1.1.tgz 0ms (cache hit)
117 http cache ws@https://registry.npmjs.org/ws/-/ws-8.19.0.tgz 0ms (cache hit)
118 http cache vite@https://registry.npmjs.org/vite/-/vite-7.3.1.tgz 0ms (cache hit)
119 http cache util-deprecate@https://registry.npmjs.org/util-deprecate/-/util-deprecate-1.0.2.tgz 0ms (cache hit)
120 http cache use-sync-external-store@https://registry.npmjs.org/use-sync-external-store/-/use-sync-external-store-1.6.0.tgz 0ms (cache hit)
121 http cache update-browserslist-db@https://registry.npmjs.org/update-browserslist-db/-/update-browserslist-db-1.2.3.tgz 0ms (cache hit)
122 http cache undici-types@https://registry.npmjs.org/undici-types/-/undici-types-7.18.2.tgz 0ms (cache hit)
123 http cache tslib@https://registry.npmjs.org/tslib/-/tslib-2.8.1.tgz 0ms (cache hit)
124 http cache ts-interface-checker@https://registry.npmjs.org/ts-interface-checker/-/ts-interface-checker-0.1.13.tgz 0ms (cache hit)
125 http cache to-regex-range@https://registry.npmjs.org/to-regex-range/-/to-regex-range-5.0.1.tgz 0ms (cache hit)
126 http cache tinyglobby@https://registry.npmjs.org/tinyglobby/-/tinyglobby-0.2.15.tgz 0ms (cache hit)
127 http cache thenify-all@https://registry.npmjs.org/thenify-all/-/thenify-all-1.6.0.tgz 1ms (cache hit)
128 http cache thenify@https://registry.npmjs.org/thenify/-/thenify-3.3.1.tgz 0ms (cache hit)
129 http cache tailwindcss@https://registry.npmjs.org/tailwindcss/-/tailwindcss-3.4.19.tgz 0ms (cache hit)
130 http cache supports-preserve-symlinks-flag@https://registry.npmjs.org/supports-preserve-symlinks-flag/-/supports-preserve-symlinks-flag-1.0.0.tgz 0ms (cache hit)
131 http cache sucrase@https://registry.npmjs.org/sucrase/-/sucrase-3.35.1.tgz 0ms (cache hit)
132 http cache source-map-js@https://registry.npmjs.org/source-map-js/-/source-map-js-1.2.1.tgz 0ms (cache hit)
133 http cache scheduler@https://registry.npmjs.org/scheduler/-/scheduler-0.23.2.tgz 0ms (cache hit)
134 http cache semver@https://registry.npmjs.org/semver/-/semver-6.3.1.tgz 0ms (cache hit)
135 http cache run-parallel@https://registry.npmjs.org/run-parallel/-/run-parallel-1.2.0.tgz 0ms (cache hit)
136 http cache rollup@https://registry.npmjs.org/rollup/-/rollup-4.59.0.tgz 0ms (cache hit)
137 http cache reusify@https://registry.npmjs.org/reusify/-/reusify-1.1.0.tgz 0ms (cache hit)
138 http cache resolve@https://registry.npmjs.org/resolve/-/resolve-1.22.11.tgz 0ms (cache hit)
139 http cache readdirp@https://registry.npmjs.org/readdirp/-/readdirp-3.6.0.tgz 0ms (cache hit)
140 http cache read-cache@https://registry.npmjs.org/read-cache/-/read-cache-1.0.0.tgz 0ms (cache hit)
141 http cache react-router-dom@https://registry.npmjs.org/react-router-dom/-/react-router-dom-6.30.3.tgz 0ms (cache hit)
142 http cache react-router@https://registry.npmjs.org/react-router/-/react-router-6.30.3.tgz 0ms (cache hit)
143 http cache react-refresh@https://registry.npmjs.org/react-refresh/-/react-refresh-0.17.0.tgz 0ms (cache hit)
144 http cache react-is@https://registry.npmjs.org/react-is/-/react-is-16.13.1.tgz 0ms (cache hit)
145 http cache react-dom@https://registry.npmjs.org/react-dom/-/react-dom-18.3.1.tgz 0ms (cache hit)
146 http cache react@https://registry.npmjs.org/react/-/react-18.3.1.tgz 0ms (cache hit)
147 http cache queue-microtask@https://registry.npmjs.org/queue-microtask/-/queue-microtask-1.2.3.tgz 0ms (cache hit)
148 http cache prop-types@https://registry.npmjs.org/prop-types/-/prop-types-15.8.1.tgz 0ms (cache hit)
149 http cache postcss-value-parser@https://registry.npmjs.org/postcss-value-parser/-/postcss-value-parser-4.2.0.tgz 0ms (cache hit)
150 http cache postcss-selector-parser@https://registry.npmjs.org/postcss-selector-parser/-/postcss-selector-parser-6.1.2.tgz 0ms (cache hit)
151 http cache postcss-nested@https://registry.npmjs.org/postcss-nested/-/postcss-nested-6.2.0.tgz 0ms (cache hit)
152 http cache postcss-load-config@https://registry.npmjs.org/postcss-load-config/-/postcss-load-config-6.0.1.tgz 0ms (cache hit)
153 http cache postcss-js@https://registry.npmjs.org/postcss-js/-/postcss-js-4.1.0.tgz 0ms (cache hit)
154 http cache postcss-import@https://registry.npmjs.org/postcss-import/-/postcss-import-15.1.0.tgz 0ms (cache hit)
155 http cache postcss@https://registry.npmjs.org/postcss/-/postcss-8.5.8.tgz 0ms (cache hit)
156 http cache pirates@https://registry.npmjs.org/pirates/-/pirates-4.0.7.tgz 0ms (cache hit)
157 http cache pify@https://registry.npmjs.org/pify/-/pify-2.3.0.tgz 0ms (cache hit)
158 http cache picomatch@https://registry.npmjs.org/picomatch/-/picomatch-2.3.1.tgz 0ms (cache hit)
159 http cache picocolors@https://registry.npmjs.org/picocolors/-/picocolors-1.1.1.tgz 0ms (cache hit)
160 http cache path-parse@https://registry.npmjs.org/path-parse/-/path-parse-1.0.7.tgz 0ms (cache hit)
161 http cache object-hash@https://registry.npmjs.org/object-hash/-/object-hash-3.0.0.tgz 0ms (cache hit)
162 http cache object-assign@https://registry.npmjs.org/object-assign/-/object-assign-4.1.1.tgz 0ms (cache hit)
163 http cache normalize-path@https://registry.npmjs.org/normalize-path/-/normalize-path-3.0.0.tgz 0ms (cache hit)
164 http cache node-releases@https://registry.npmjs.org/node-releases/-/node-releases-2.0.36.tgz 0ms (cache hit)
165 http cache nanoid@https://registry.npmjs.org/nanoid/-/nanoid-3.3.11.tgz 0ms (cache hit)
166 http cache mz@https://registry.npmjs.org/mz/-/mz-2.7.0.tgz 0ms (cache hit)
167 http cache ms@https://registry.npmjs.org/ms/-/ms-2.1.3.tgz 0ms (cache hit)
168 http cache micromatch@https://registry.npmjs.org/micromatch/-/micromatch-4.0.8.tgz 0ms (cache hit)
169 http cache merge2@https://registry.npmjs.org/merge2/-/merge2-1.4.1.tgz 0ms (cache hit)
170 http cache lru-cache@https://registry.npmjs.org/lru-cache/-/lru-cache-5.1.1.tgz 0ms (cache hit)
171 http cache loose-envify@https://registry.npmjs.org/loose-envify/-/loose-envify-1.4.0.tgz 0ms (cache hit)
172 http cache lines-and-columns@https://registry.npmjs.org/lines-and-columns/-/lines-and-columns-1.2.4.tgz 0ms (cache hit)
173 http cache lilconfig@https://registry.npmjs.org/lilconfig/-/lilconfig-3.1.3.tgz 0ms (cache hit)
174 http cache json5@https://registry.npmjs.org/json5/-/json5-2.2.3.tgz 0ms (cache hit)
175 http cache jsesc@https://registry.npmjs.org/jsesc/-/jsesc-3.1.0.tgz 0ms (cache hit)
176 http cache jiti@https://registry.npmjs.org/jiti/-/jiti-1.21.7.tgz 0ms (cache hit)
177 http cache is-glob@https://registry.npmjs.org/is-glob/-/is-glob-4.0.3.tgz 0ms (cache hit)
178 http cache is-extglob@https://registry.npmjs.org/is-extglob/-/is-extglob-2.1.1.tgz 0ms (cache hit)
179 http cache is-core-module@https://registry.npmjs.org/is-core-module/-/is-core-module-2.16.1.tgz 0ms (cache hit)
180 http cache is-binary-path@https://registry.npmjs.org/is-binary-path/-/is-binary-path-2.1.0.tgz 0ms (cache hit)
181 http cache iceberg-js@https://registry.npmjs.org/iceberg-js/-/iceberg-js-0.8.1.tgz 0ms (cache hit)
182 http cache hasown@https://registry.npmjs.org/hasown/-/hasown-2.0.2.tgz 0ms (cache hit)
183 http cache glob-parent@https://registry.npmjs.org/glob-parent/-/glob-parent-6.0.2.tgz 0ms (cache hit)
184 http cache gensync@https://registry.npmjs.org/gensync/-/gensync-1.0.0-beta.2.tgz 0ms (cache hit)
185 http cache function-bind@https://registry.npmjs.org/function-bind/-/function-bind-1.1.2.tgz 0ms (cache hit)
186 http cache fsevents@https://registry.npmjs.org/fsevents/-/fsevents-2.3.3.tgz 0ms (cache hit)
187 http cache fraction.js@https://registry.npmjs.org/fraction.js/-/fraction.js-5.3.4.tgz 0ms (cache hit)
188 http cache fill-range@https://registry.npmjs.org/fill-range/-/fill-range-7.1.1.tgz 0ms (cache hit)
189 http cache fastq@https://registry.npmjs.org/fastq/-/fastq-1.20.1.tgz 0ms (cache hit)
190 http cache fast-glob@https://registry.npmjs.org/fast-glob/-/fast-glob-3.3.3.tgz 0ms (cache hit)
191 http cache esbuild@https://registry.npmjs.org/esbuild/-/esbuild-0.27.3.tgz 0ms (cache hit)
192 http cache electron-to-chromium@https://registry.npmjs.org/electron-to-chromium/-/electron-to-chromium-1.5.307.tgz 0ms (cache hit)
193 http cache dlv@https://registry.npmjs.org/dlv/-/dlv-1.1.3.tgz 0ms (cache hit)
194 http cache didyoumean@https://registry.npmjs.org/didyoumean/-/didyoumean-1.2.2.tgz 0ms (cache hit)
195 http cache debug@https://registry.npmjs.org/debug/-/debug-4.4.3.tgz 0ms (cache hit)
196 http cache csstype@https://registry.npmjs.org/csstype/-/csstype-3.2.3.tgz 0ms (cache hit)
197 http cache escalade@https://registry.npmjs.org/escalade/-/escalade-3.2.0.tgz 0ms (cache hit)
198 http cache cssesc@https://registry.npmjs.org/cssesc/-/cssesc-3.0.0.tgz 0ms (cache hit)
199 http cache commander@https://registry.npmjs.org/commander/-/commander-4.1.1.tgz 0ms (cache hit)
200 http cache convert-source-map@https://registry.npmjs.org/convert-source-map/-/convert-source-map-2.0.0.tgz 0ms (cache hit)
201 http cache caniuse-lite@https://registry.npmjs.org/caniuse-lite/-/caniuse-lite-1.0.30001777.tgz 0ms (cache hit)
202 http cache chokidar@https://registry.npmjs.org/chokidar/-/chokidar-3.6.0.tgz 0ms (cache hit)
203 http cache camelcase-css@https://registry.npmjs.org/camelcase-css/-/camelcase-css-2.0.1.tgz 0ms (cache hit)
204 http cache browserslist@https://registry.npmjs.org/browserslist/-/browserslist-4.28.1.tgz 0ms (cache hit)
205 http cache braces@https://registry.npmjs.org/braces/-/braces-3.0.3.tgz 0ms (cache hit)
206 http cache binary-extensions@https://registry.npmjs.org/binary-extensions/-/binary-extensions-2.3.0.tgz 0ms (cache hit)
207 http cache baseline-browser-mapping@https://registry.npmjs.org/baseline-browser-mapping/-/baseline-browser-mapping-2.10.0.tgz 0ms (cache hit)
208 http cache autoprefixer@https://registry.npmjs.org/autoprefixer/-/autoprefixer-10.4.27.tgz 0ms (cache hit)
209 http cache arg@https://registry.npmjs.org/arg/-/arg-5.0.2.tgz 0ms (cache hit)
210 http cache anymatch@https://registry.npmjs.org/anymatch/-/anymatch-3.1.3.tgz 0ms (cache hit)
211 http cache any-promise@https://registry.npmjs.org/any-promise/-/any-promise-1.3.0.tgz 0ms (cache hit)
212 http cache @vitejs/plugin-react@https://registry.npmjs.org/@vitejs/plugin-react/-/plugin-react-4.7.0.tgz 0ms (cache hit)
213 http cache @types/ws@https://registry.npmjs.org/@types/ws/-/ws-8.18.1.tgz 0ms (cache hit)
214 http cache @types/react-dom@https://registry.npmjs.org/@types/react-dom/-/react-dom-18.3.7.tgz 0ms (cache hit)
215 http cache @types/react@https://registry.npmjs.org/@types/react/-/react-18.3.28.tgz 0ms (cache hit)
216 http cache @types/prop-types@https://registry.npmjs.org/@types/prop-types/-/prop-types-15.7.15.tgz 0ms (cache hit)
217 http cache @types/phoenix@https://registry.npmjs.org/@types/phoenix/-/phoenix-1.6.7.tgz 0ms (cache hit)
218 http cache @types/node@https://registry.npmjs.org/@types/node/-/node-25.4.0.tgz 0ms (cache hit)
219 http cache @types/estree@https://registry.npmjs.org/@types/estree/-/estree-1.0.8.tgz 0ms (cache hit)
220 http cache @types/babel__traverse@https://registry.npmjs.org/@types/babel__traverse/-/babel__traverse-7.28.0.tgz 0ms (cache hit)
221 http cache @types/babel__generator@https://registry.npmjs.org/@types/babel__generator/-/babel__generator-7.27.0.tgz 0ms (cache hit)
222 http cache @types/babel__core@https://registry.npmjs.org/@types/babel__core/-/babel__core-7.20.5.tgz 0ms (cache hit)
223 http cache @types/babel__template@https://registry.npmjs.org/@types/babel__template/-/babel__template-7.4.4.tgz 0ms (cache hit)
224 http cache @supabase/supabase-js@https://registry.npmjs.org/@supabase/supabase-js/-/supabase-js-2.99.1.tgz 0ms (cache hit)
225 http cache @supabase/storage-js@https://registry.npmjs.org/@supabase/storage-js/-/storage-js-2.99.1.tgz 0ms (cache hit)
226 http cache js-tokens@https://registry.npmjs.org/js-tokens/-/js-tokens-4.0.0.tgz 0ms (cache hit)
227 http cache @supabase/realtime-js@https://registry.npmjs.org/@supabase/realtime-js/-/realtime-js-2.99.1.tgz 0ms (cache hit)
228 http cache @supabase/functions-js@https://registry.npmjs.org/@supabase/functions-js/-/functions-js-2.99.1.tgz 0ms (cache hit)
229 http cache @supabase/auth-ui-shared@https://registry.npmjs.org/@supabase/auth-ui-shared/-/auth-ui-shared-0.1.8.tgz 0ms (cache hit)
230 http cache @supabase/auth-ui-react@https://registry.npmjs.org/@supabase/auth-ui-react/-/auth-ui-react-0.4.7.tgz 0ms (cache hit)
231 http cache @supabase/auth-js@https://registry.npmjs.org/@supabase/auth-js/-/auth-js-2.99.1.tgz 0ms (cache hit)
232 http cache @supabase/auth-helpers-react@https://registry.npmjs.org/@supabase/auth-helpers-react/-/auth-helpers-react-0.15.0.tgz 0ms (cache hit)
233 http cache @stitches/core@https://registry.npmjs.org/@stitches/core/-/core-1.2.8.tgz 0ms (cache hit)
234 http cache @rollup/rollup-darwin-arm64@https://registry.npmjs.org/@rollup/rollup-darwin-arm64/-/rollup-darwin-arm64-4.59.0.tgz 0ms (cache hit)
235 http cache @supabase/postgrest-js@https://registry.npmjs.org/@supabase/postgrest-js/-/postgrest-js-2.99.1.tgz 0ms (cache hit)
236 http cache @rolldown/pluginutils@https://registry.npmjs.org/@rolldown/pluginutils/-/pluginutils-1.0.0-beta.27.tgz 0ms (cache hit)
237 http cache @remix-run/router@https://registry.npmjs.org/@remix-run/router/-/router-1.23.2.tgz 0ms (cache hit)
238 http cache @nodelib/fs.walk@https://registry.npmjs.org/@nodelib/fs.walk/-/fs.walk-1.2.8.tgz 0ms (cache hit)
239 http cache @nodelib/fs.stat@https://registry.npmjs.org/@nodelib/fs.stat/-/fs.stat-2.0.5.tgz 0ms (cache hit)
240 http cache @nodelib/fs.scandir@https://registry.npmjs.org/@nodelib/fs.scandir/-/fs.scandir-2.1.5.tgz 0ms (cache hit)
241 http cache @jridgewell/trace-mapping@https://registry.npmjs.org/@jridgewell/trace-mapping/-/trace-mapping-0.3.31.tgz 0ms (cache hit)
242 http cache @jridgewell/sourcemap-codec@https://registry.npmjs.org/@jridgewell/sourcemap-codec/-/sourcemap-codec-1.5.5.tgz 0ms (cache hit)
243 http cache @jridgewell/resolve-uri@https://registry.npmjs.org/@jridgewell/resolve-uri/-/resolve-uri-3.1.2.tgz 0ms (cache hit)
244 http cache @jridgewell/remapping@https://registry.npmjs.org/@jridgewell/remapping/-/remapping-2.3.5.tgz 0ms (cache hit)
245 http cache @jridgewell/gen-mapping@https://registry.npmjs.org/@jridgewell/gen-mapping/-/gen-mapping-0.3.13.tgz 0ms (cache hit)
246 http cache @esbuild/darwin-arm64@https://registry.npmjs.org/@esbuild/darwin-arm64/-/darwin-arm64-0.27.3.tgz 0ms (cache hit)
247 http cache @babel/types@https://registry.npmjs.org/@babel/types/-/types-7.29.0.tgz 0ms (cache hit)
248 http cache @babel/traverse@https://registry.npmjs.org/@babel/traverse/-/traverse-7.29.0.tgz 0ms (cache hit)
249 http cache @babel/template@https://registry.npmjs.org/@babel/template/-/template-7.28.6.tgz 0ms (cache hit)
250 http cache @babel/plugin-transform-react-jsx-source@https://registry.npmjs.org/@babel/plugin-transform-react-jsx-source/-/plugin-transform-react-jsx-source-7.27.1.tgz 0ms (cache hit)
251 http cache @babel/plugin-transform-react-jsx-self@https://registry.npmjs.org/@babel/plugin-transform-react-jsx-self/-/plugin-transform-react-jsx-self-7.27.1.tgz 0ms (cache hit)
252 http cache @babel/helpers@https://registry.npmjs.org/@babel/helpers/-/helpers-7.28.6.tgz 0ms (cache hit)
253 http cache @babel/helper-validator-option@https://registry.npmjs.org/@babel/helper-validator-option/-/helper-validator-option-7.27.1.tgz 0ms (cache hit)
254 http cache @babel/helper-validator-identifier@https://registry.npmjs.org/@babel/helper-validator-identifier/-/helper-validator-identifier-7.28.5.tgz 0ms (cache hit)
255 http cache @babel/helper-string-parser@https://registry.npmjs.org/@babel/helper-string-parser/-/helper-string-parser-7.27.1.tgz 0ms (cache hit)
256 http cache @babel/parser@https://registry.npmjs.org/@babel/parser/-/parser-7.29.0.tgz 0ms (cache hit)
257 http cache @babel/helper-plugin-utils@https://registry.npmjs.org/@babel/helper-plugin-utils/-/helper-plugin-utils-7.28.6.tgz 0ms (cache hit)
258 http cache @babel/helper-module-transforms@https://registry.npmjs.org/@babel/helper-module-transforms/-/helper-module-transforms-7.28.6.tgz 0ms (cache hit)
259 http cache @babel/helper-module-imports@https://registry.npmjs.org/@babel/helper-module-imports/-/helper-module-imports-7.28.6.tgz 0ms (cache hit)
260 http cache @babel/helper-globals@https://registry.npmjs.org/@babel/helper-globals/-/helper-globals-7.28.0.tgz 0ms (cache hit)
261 http cache @babel/helper-compilation-targets@https://registry.npmjs.org/@babel/helper-compilation-targets/-/helper-compilation-targets-7.28.6.tgz 0ms (cache hit)
262 http cache @babel/generator@https://registry.npmjs.org/@babel/generator/-/generator-7.29.1.tgz 0ms (cache hit)
263 http cache @babel/core@https://registry.npmjs.org/@babel/core/-/core-7.29.0.tgz 0ms (cache hit)
264 http cache @babel/compat-data@https://registry.npmjs.org/@babel/compat-data/-/compat-data-7.29.0.tgz 0ms (cache hit)
265 http cache @babel/code-frame@https://registry.npmjs.org/@babel/code-frame/-/code-frame-7.29.0.tgz 0ms (cache hit)
266 http cache @alloc/quick-lru@https://registry.npmjs.org/@alloc/quick-lru/-/quick-lru-5.2.0.tgz 0ms (cache hit)
267 http cache picomatch@https://registry.npmjs.org/picomatch/-/picomatch-4.0.3.tgz 0ms (cache hit)
268 http cache picomatch@https://registry.npmjs.org/picomatch/-/picomatch-4.0.3.tgz 0ms (cache hit)
269 http cache fdir@https://registry.npmjs.org/fdir/-/fdir-6.5.0.tgz 0ms (cache hit)
270 http cache fdir@https://registry.npmjs.org/fdir/-/fdir-6.5.0.tgz 0ms (cache hit)
271 http cache glob-parent@https://registry.npmjs.org/glob-parent/-/glob-parent-5.1.2.tgz 0ms (cache hit)
272 http cache cookie@https://registry.npmjs.org/cookie/-/cookie-1.1.1.tgz 0ms (cache hit)
273 http cache glob-parent@https://registry.npmjs.org/glob-parent/-/glob-parent-5.1.2.tgz 0ms (cache hit)
274 http cache is-number@https://registry.npmjs.org/is-number/-/is-number-7.0.0.tgz 0ms (cache hit)
275 silly tarball no local data for zustand@https://registry.npmjs.org/zustand/-/zustand-4.5.7.tgz. Extracting by manifest.
276 silly tarball no local data for yallist@https://registry.npmjs.org/yallist/-/yallist-3.1.1.tgz. Extracting by manifest.
277 silly tarball no local data for ws@https://registry.npmjs.org/ws/-/ws-8.19.0.tgz. Extracting by manifest.
278 silly tarball no local data for util-deprecate@https://registry.npmjs.org/util-deprecate/-/util-deprecate-1.0.2.tgz. Extracting by manifest.
279 silly tarball no local data for use-sync-external-store@https://registry.npmjs.org/use-sync-external-store/-/use-sync-external-store-1.6.0.tgz. Extracting by manifest.
280 silly tarball no local data for update-browserslist-db@https://registry.npmjs.org/update-browserslist-db/-/update-browserslist-db-1.2.3.tgz. Extracting by manifest.
281 silly tarball no local data for undici-types@https://registry.npmjs.org/undici-types/-/undici-types-7.18.2.tgz. Extracting by manifest.
282 silly tarball no local data for vite@https://registry.npmjs.org/vite/-/vite-7.3.1.tgz. Extracting by manifest.
283 silly tarball no local data for tslib@https://registry.npmjs.org/tslib/-/tslib-2.8.1.tgz. Extracting by manifest.
284 silly tarball no local data for ts-interface-checker@https://registry.npmjs.org/ts-interface-checker/-/ts-interface-checker-0.1.13.tgz. Extracting by manifest.
285 silly tarball no local data for to-regex-range@https://registry.npmjs.org/to-regex-range/-/to-regex-range-5.0.1.tgz. Extracting by manifest.
286 silly tarball no local data for tinyglobby@https://registry.npmjs.org/tinyglobby/-/tinyglobby-0.2.15.tgz. Extracting by manifest.
287 silly tarball no local data for thenify-all@https://registry.npmjs.org/thenify-all/-/thenify-all-1.6.0.tgz. Extracting by manifest.
288 silly tarball no local data for thenify@https://registry.npmjs.org/thenify/-/thenify-3.3.1.tgz. Extracting by manifest.
289 silly tarball no local data for supports-preserve-symlinks-flag@https://registry.npmjs.org/supports-preserve-symlinks-flag/-/supports-preserve-symlinks-flag-1.0.0.tgz. Extracting by manifest.
290 silly tarball no local data for tailwindcss@https://registry.npmjs.org/tailwindcss/-/tailwindcss-3.4.19.tgz. Extracting by manifest.
291 silly tarball no local data for sucrase@https://registry.npmjs.org/sucrase/-/sucrase-3.35.1.tgz. Extracting by manifest.
292 silly tarball no local data for source-map-js@https://registry.npmjs.org/source-map-js/-/source-map-js-1.2.1.tgz. Extracting by manifest.
293 silly tarball no local data for scheduler@https://registry.npmjs.org/scheduler/-/scheduler-0.23.2.tgz. Extracting by manifest.
294 silly tarball no local data for semver@https://registry.npmjs.org/semver/-/semver-6.3.1.tgz. Extracting by manifest.
295 silly tarball no local data for run-parallel@https://registry.npmjs.org/run-parallel/-/run-parallel-1.2.0.tgz. Extracting by manifest.
296 silly tarball no local data for rollup@https://registry.npmjs.org/rollup/-/rollup-4.59.0.tgz. Extracting by manifest.
297 silly tarball no local data for reusify@https://registry.npmjs.org/reusify/-/reusify-1.1.0.tgz. Extracting by manifest.
298 silly tarball no local data for resolve@https://registry.npmjs.org/resolve/-/resolve-1.22.11.tgz. Extracting by manifest.
299 silly tarball no local data for readdirp@https://registry.npmjs.org/readdirp/-/readdirp-3.6.0.tgz. Extracting by manifest.
300 silly tarball no local data for read-cache@https://registry.npmjs.org/read-cache/-/read-cache-1.0.0.tgz. Extracting by manifest.
301 silly tarball no local data for react-router-dom@https://registry.npmjs.org/react-router-dom/-/react-router-dom-6.30.3.tgz. Extracting by manifest.
302 silly tarball no local data for react-router@https://registry.npmjs.org/react-router/-/react-router-6.30.3.tgz. Extracting by manifest.
303 silly tarball no local data for react-refresh@https://registry.npmjs.org/react-refresh/-/react-refresh-0.17.0.tgz. Extracting by manifest.
304 silly tarball no local data for react-is@https://registry.npmjs.org/react-is/-/react-is-16.13.1.tgz. Extracting by manifest.
305 silly tarball no local data for react-dom@https://registry.npmjs.org/react-dom/-/react-dom-18.3.1.tgz. Extracting by manifest.
306 silly tarball no local data for react@https://registry.npmjs.org/react/-/react-18.3.1.tgz. Extracting by manifest.
307 silly tarball no local data for queue-microtask@https://registry.npmjs.org/queue-microtask/-/queue-microtask-1.2.3.tgz. Extracting by manifest.
308 silly tarball no local data for prop-types@https://registry.npmjs.org/prop-types/-/prop-types-15.8.1.tgz. Extracting by manifest.
309 silly tarball no local data for postcss-value-parser@https://registry.npmjs.org/postcss-value-parser/-/postcss-value-parser-4.2.0.tgz. Extracting by manifest.
310 silly tarball no local data for postcss-selector-parser@https://registry.npmjs.org/postcss-selector-parser/-/postcss-selector-parser-6.1.2.tgz. Extracting by manifest.
311 silly tarball no local data for postcss-nested@https://registry.npmjs.org/postcss-nested/-/postcss-nested-6.2.0.tgz. Extracting by manifest.
312 silly tarball no local data for postcss-load-config@https://registry.npmjs.org/postcss-load-config/-/postcss-load-config-6.0.1.tgz. Extracting by manifest.
313 silly tarball no local data for postcss-js@https://registry.npmjs.org/postcss-js/-/postcss-js-4.1.0.tgz. Extracting by manifest.
314 silly tarball no local data for postcss-import@https://registry.npmjs.org/postcss-import/-/postcss-import-15.1.0.tgz. Extracting by manifest.
315 silly tarball no local data for postcss@https://registry.npmjs.org/postcss/-/postcss-8.5.8.tgz. Extracting by manifest.
316 silly tarball no local data for pirates@https://registry.npmjs.org/pirates/-/pirates-4.0.7.tgz. Extracting by manifest.
317 silly tarball no local data for pify@https://registry.npmjs.org/pify/-/pify-2.3.0.tgz. Extracting by manifest.
318 silly tarball no local data for picomatch@https://registry.npmjs.org/picomatch/-/picomatch-2.3.1.tgz. Extracting by manifest.
319 silly tarball no local data for picocolors@https://registry.npmjs.org/picocolors/-/picocolors-1.1.1.tgz. Extracting by manifest.
320 silly tarball no local data for path-parse@https://registry.npmjs.org/path-parse/-/path-parse-1.0.7.tgz. Extracting by manifest.
321 silly tarball no local data for object-hash@https://registry.npmjs.org/object-hash/-/object-hash-3.0.0.tgz. Extracting by manifest.
322 silly tarball no local data for object-assign@https://registry.npmjs.org/object-assign/-/object-assign-4.1.1.tgz. Extracting by manifest.
323 silly tarball no local data for normalize-path@https://registry.npmjs.org/normalize-path/-/normalize-path-3.0.0.tgz. Extracting by manifest.
324 silly tarball no local data for node-releases@https://registry.npmjs.org/node-releases/-/node-releases-2.0.36.tgz. Extracting by manifest.
325 silly tarball no local data for nanoid@https://registry.npmjs.org/nanoid/-/nanoid-3.3.11.tgz. Extracting by manifest.
326 silly tarball no local data for mz@https://registry.npmjs.org/mz/-/mz-2.7.0.tgz. Extracting by manifest.
327 silly tarball no local data for ms@https://registry.npmjs.org/ms/-/ms-2.1.3.tgz. Extracting by manifest.
328 silly tarball no local data for micromatch@https://registry.npmjs.org/micromatch/-/micromatch-4.0.8.tgz. Extracting by manifest.
329 silly tarball no local data for merge2@https://registry.npmjs.org/merge2/-/merge2-1.4.1.tgz. Extracting by manifest.
330 silly tarball no local data for lru-cache@https://registry.npmjs.org/lru-cache/-/lru-cache-5.1.1.tgz. Extracting by manifest.
331 silly tarball no local data for loose-envify@https://registry.npmjs.org/loose-envify/-/loose-envify-1.4.0.tgz. Extracting by manifest.
332 silly tarball no local data for lines-and-columns@https://registry.npmjs.org/lines-and-columns/-/lines-and-columns-1.2.4.tgz. Extracting by manifest.
333 silly tarball no local data for lilconfig@https://registry.npmjs.org/lilconfig/-/lilconfig-3.1.3.tgz. Extracting by manifest.
334 silly tarball no local data for json5@https://registry.npmjs.org/json5/-/json5-2.2.3.tgz. Extracting by manifest.
335 silly tarball no local data for jsesc@https://registry.npmjs.org/jsesc/-/jsesc-3.1.0.tgz. Extracting by manifest.
336 silly tarball no local data for jiti@https://registry.npmjs.org/jiti/-/jiti-1.21.7.tgz. Extracting by manifest.
337 silly tarball no local data for is-glob@https://registry.npmjs.org/is-glob/-/is-glob-4.0.3.tgz. Extracting by manifest.
338 silly tarball no local data for is-extglob@https://registry.npmjs.org/is-extglob/-/is-extglob-2.1.1.tgz. Extracting by manifest.
339 silly tarball no local data for is-core-module@https://registry.npmjs.org/is-core-module/-/is-core-module-2.16.1.tgz. Extracting by manifest.
340 silly tarball no local data for is-binary-path@https://registry.npmjs.org/is-binary-path/-/is-binary-path-2.1.0.tgz. Extracting by manifest.
341 silly tarball no local data for iceberg-js@https://registry.npmjs.org/iceberg-js/-/iceberg-js-0.8.1.tgz. Extracting by manifest.
342 silly tarball no local data for hasown@https://registry.npmjs.org/hasown/-/hasown-2.0.2.tgz. Extracting by manifest.
343 silly tarball no local data for glob-parent@https://registry.npmjs.org/glob-parent/-/glob-parent-6.0.2.tgz. Extracting by manifest.
344 silly tarball no local data for gensync@https://registry.npmjs.org/gensync/-/gensync-1.0.0-beta.2.tgz. Extracting by manifest.
345 silly tarball no local data for function-bind@https://registry.npmjs.org/function-bind/-/function-bind-1.1.2.tgz. Extracting by manifest.
346 silly tarball no local data for fsevents@https://registry.npmjs.org/fsevents/-/fsevents-2.3.3.tgz. Extracting by manifest.
347 silly tarball no local data for fraction.js@https://registry.npmjs.org/fraction.js/-/fraction.js-5.3.4.tgz. Extracting by manifest.
348 silly tarball no local data for fill-range@https://registry.npmjs.org/fill-range/-/fill-range-7.1.1.tgz. Extracting by manifest.
349 silly tarball no local data for fastq@https://registry.npmjs.org/fastq/-/fastq-1.20.1.tgz. Extracting by manifest.
350 silly tarball no local data for fast-glob@https://registry.npmjs.org/fast-glob/-/fast-glob-3.3.3.tgz. Extracting by manifest.
351 silly tarball no local data for esbuild@https://registry.npmjs.org/esbuild/-/esbuild-0.27.3.tgz. Extracting by manifest.
352 silly tarball no local data for electron-to-chromium@https://registry.npmjs.org/electron-to-chromium/-/electron-to-chromium-1.5.307.tgz. Extracting by manifest.
353 silly tarball no local data for dlv@https://registry.npmjs.org/dlv/-/dlv-1.1.3.tgz. Extracting by manifest.
354 silly tarball no local data for didyoumean@https://registry.npmjs.org/didyoumean/-/didyoumean-1.2.2.tgz. Extracting by manifest.
355 silly tarball no local data for debug@https://registry.npmjs.org/debug/-/debug-4.4.3.tgz. Extracting by manifest.
356 silly tarball no local data for csstype@https://registry.npmjs.org/csstype/-/csstype-3.2.3.tgz. Extracting by manifest.
357 silly tarball no local data for escalade@https://registry.npmjs.org/escalade/-/escalade-3.2.0.tgz. Extracting by manifest.
358 silly tarball no local data for cssesc@https://registry.npmjs.org/cssesc/-/cssesc-3.0.0.tgz. Extracting by manifest.
359 silly tarball no local data for commander@https://registry.npmjs.org/commander/-/commander-4.1.1.tgz. Extracting by manifest.
360 silly tarball no local data for convert-source-map@https://registry.npmjs.org/convert-source-map/-/convert-source-map-2.0.0.tgz. Extracting by manifest.
361 silly tarball no local data for caniuse-lite@https://registry.npmjs.org/caniuse-lite/-/caniuse-lite-1.0.30001777.tgz. Extracting by manifest.
362 silly tarball no local data for chokidar@https://registry.npmjs.org/chokidar/-/chokidar-3.6.0.tgz. Extracting by manifest.
363 silly tarball no local data for camelcase-css@https://registry.npmjs.org/camelcase-css/-/camelcase-css-2.0.1.tgz. Extracting by manifest.
364 silly tarball no local data for browserslist@https://registry.npmjs.org/browserslist/-/browserslist-4.28.1.tgz. Extracting by manifest.
365 silly tarball no local data for braces@https://registry.npmjs.org/braces/-/braces-3.0.3.tgz. Extracting by manifest.
366 silly tarball no local data for binary-extensions@https://registry.npmjs.org/binary-extensions/-/binary-extensions-2.3.0.tgz. Extracting by manifest.
367 silly tarball no local data for baseline-browser-mapping@https://registry.npmjs.org/baseline-browser-mapping/-/baseline-browser-mapping-2.10.0.tgz. Extracting by manifest.
368 silly tarball no local data for autoprefixer@https://registry.npmjs.org/autoprefixer/-/autoprefixer-10.4.27.tgz. Extracting by manifest.
369 silly tarball no local data for arg@https://registry.npmjs.org/arg/-/arg-5.0.2.tgz. Extracting by manifest.
370 silly tarball no local data for anymatch@https://registry.npmjs.org/anymatch/-/anymatch-3.1.3.tgz. Extracting by manifest.
371 silly tarball no local data for any-promise@https://registry.npmjs.org/any-promise/-/any-promise-1.3.0.tgz. Extracting by manifest.
372 silly tarball no local data for @vitejs/plugin-react@https://registry.npmjs.org/@vitejs/plugin-react/-/plugin-react-4.7.0.tgz. Extracting by manifest.
373 silly tarball no local data for @types/ws@https://registry.npmjs.org/@types/ws/-/ws-8.18.1.tgz. Extracting by manifest.
374 silly tarball no local data for @types/react-dom@https://registry.npmjs.org/@types/react-dom/-/react-dom-18.3.7.tgz. Extracting by manifest.
375 silly tarball no local data for @types/react@https://registry.npmjs.org/@types/react/-/react-18.3.28.tgz. Extracting by manifest.
376 silly tarball no local data for @types/prop-types@https://registry.npmjs.org/@types/prop-types/-/prop-types-15.7.15.tgz. Extracting by manifest.
377 silly tarball no local data for @types/phoenix@https://registry.npmjs.org/@types/phoenix/-/phoenix-1.6.7.tgz. Extracting by manifest.
378 silly tarball no local data for @types/node@https://registry.npmjs.org/@types/node/-/node-25.4.0.tgz. Extracting by manifest.
379 silly tarball no local data for @types/estree@https://registry.npmjs.org/@types/estree/-/estree-1.0.8.tgz. Extracting by manifest.
380 silly tarball no local data for @types/babel__traverse@https://registry.npmjs.org/@types/babel__traverse/-/babel__traverse-7.28.0.tgz. Extracting by manifest.
381 silly tarball no local data for @types/babel__generator@https://registry.npmjs.org/@types/babel__generator/-/babel__generator-7.27.0.tgz. Extracting by manifest.
382 silly tarball no local data for @types/babel__core@https://registry.npmjs.org/@types/babel__core/-/babel__core-7.20.5.tgz. Extracting by manifest.
383 silly tarball no local data for @types/babel__template@https://registry.npmjs.org/@types/babel__template/-/babel__template-7.4.4.tgz. Extracting by manifest.
384 silly tarball no local data for @supabase/supabase-js@https://registry.npmjs.org/@supabase/supabase-js/-/supabase-js-2.99.1.tgz. Extracting by manifest.
385 silly tarball no local data for @supabase/storage-js@https://registry.npmjs.org/@supabase/storage-js/-/storage-js-2.99.1.tgz. Extracting by manifest.
386 silly tarball no local data for js-tokens@https://registry.npmjs.org/js-tokens/-/js-tokens-4.0.0.tgz. Extracting by manifest.
387 silly tarball no local data for @supabase/realtime-js@https://registry.npmjs.org/@supabase/realtime-js/-/realtime-js-2.99.1.tgz. Extracting by manifest.
388 silly tarball no local data for @supabase/functions-js@https://registry.npmjs.org/@supabase/functions-js/-/functions-js-2.99.1.tgz. Extracting by manifest.
389 silly tarball no local data for @supabase/auth-ui-shared@https://registry.npmjs.org/@supabase/auth-ui-shared/-/auth-ui-shared-0.1.8.tgz. Extracting by manifest.
390 silly tarball no local data for @supabase/auth-ui-react@https://registry.npmjs.org/@supabase/auth-ui-react/-/auth-ui-react-0.4.7.tgz. Extracting by manifest.
391 silly tarball no local data for @supabase/auth-js@https://registry.npmjs.org/@supabase/auth-js/-/auth-js-2.99.1.tgz. Extracting by manifest.
392 silly tarball no local data for @supabase/auth-helpers-react@https://registry.npmjs.org/@supabase/auth-helpers-react/-/auth-helpers-react-0.15.0.tgz. Extracting by manifest.
393 silly tarball no local data for @stitches/core@https://registry.npmjs.org/@stitches/core/-/core-1.2.8.tgz. Extracting by manifest.
394 silly tarball no local data for @rollup/rollup-darwin-arm64@https://registry.npmjs.org/@rollup/rollup-darwin-arm64/-/rollup-darwin-arm64-4.59.0.tgz. Extracting by manifest.
395 silly tarball no local data for @supabase/postgrest-js@https://registry.npmjs.org/@supabase/postgrest-js/-/postgrest-js-2.99.1.tgz. Extracting by manifest.
396 silly tarball no local data for @rolldown/pluginutils@https://registry.npmjs.org/@rolldown/pluginutils/-/pluginutils-1.0.0-beta.27.tgz. Extracting by manifest.
397 silly tarball no local data for @remix-run/router@https://registry.npmjs.org/@remix-run/router/-/router-1.23.2.tgz. Extracting by manifest.
398 silly tarball no local data for @nodelib/fs.walk@https://registry.npmjs.org/@nodelib/fs.walk/-/fs.walk-1.2.8.tgz. Extracting by manifest.
399 silly tarball no local data for @nodelib/fs.stat@https://registry.npmjs.org/@nodelib/fs.stat/-/fs.stat-2.0.5.tgz. Extracting by manifest.
400 silly tarball no local data for @nodelib/fs.scandir@https://registry.npmjs.org/@nodelib/fs.scandir/-/fs.scandir-2.1.5.tgz. Extracting by manifest.
401 silly tarball no local data for @jridgewell/trace-mapping@https://registry.npmjs.org/@jridgewell/trace-mapping/-/trace-mapping-0.3.31.tgz. Extracting by manifest.
402 silly tarball no local data for @jridgewell/sourcemap-codec@https://registry.npmjs.org/@jridgewell/sourcemap-codec/-/sourcemap-codec-1.5.5.tgz. Extracting by manifest.
403 silly tarball no local data for @jridgewell/resolve-uri@https://registry.npmjs.org/@jridgewell/resolve-uri/-/resolve-uri-3.1.2.tgz. Extracting by manifest.
404 silly tarball no local data for @jridgewell/remapping@https://registry.npmjs.org/@jridgewell/remapping/-/remapping-2.3.5.tgz. Extracting by manifest.
405 silly tarball no local data for @jridgewell/gen-mapping@https://registry.npmjs.org/@jridgewell/gen-mapping/-/gen-mapping-0.3.13.tgz. Extracting by manifest.
406 silly tarball no local data for @esbuild/darwin-arm64@https://registry.npmjs.org/@esbuild/darwin-arm64/-/darwin-arm64-0.27.3.tgz. Extracting by manifest.
407 silly tarball no local data for @babel/types@https://registry.npmjs.org/@babel/types/-/types-7.29.0.tgz. Extracting by manifest.
408 silly tarball no local data for @babel/traverse@https://registry.npmjs.org/@babel/traverse/-/traverse-7.29.0.tgz. Extracting by manifest.
409 silly tarball no local data for @babel/template@https://registry.npmjs.org/@babel/template/-/template-7.28.6.tgz. Extracting by manifest.
410 silly tarball no local data for @babel/plugin-transform-react-jsx-source@https://registry.npmjs.org/@babel/plugin-transform-react-jsx-source/-/plugin-transform-react-jsx-source-7.27.1.tgz. Extracting by manifest.
411 silly tarball no local data for @babel/plugin-transform-react-jsx-self@https://registry.npmjs.org/@babel/plugin-transform-react-jsx-self/-/plugin-transform-react-jsx-self-7.27.1.tgz. Extracting by manifest.
412 silly tarball no local data for @babel/helpers@https://registry.npmjs.org/@babel/helpers/-/helpers-7.28.6.tgz. Extracting by manifest.
413 silly tarball no local data for @babel/helper-validator-option@https://registry.npmjs.org/@babel/helper-validator-option/-/helper-validator-option-7.27.1.tgz. Extracting by manifest.
414 silly tarball no local data for @babel/helper-validator-identifier@https://registry.npmjs.org/@babel/helper-validator-identifier/-/helper-validator-identifier-7.28.5.tgz. Extracting by manifest.
415 silly tarball no local data for @babel/helper-string-parser@https://registry.npmjs.org/@babel/helper-string-parser/-/helper-string-parser-7.27.1.tgz. Extracting by manifest.
416 silly tarball no local data for @babel/parser@https://registry.npmjs.org/@babel/parser/-/parser-7.29.0.tgz. Extracting by manifest.
417 silly tarball no local data for @babel/helper-plugin-utils@https://registry.npmjs.org/@babel/helper-plugin-utils/-/helper-plugin-utils-7.28.6.tgz. Extracting by manifest.
418 silly tarball no local data for @babel/helper-module-transforms@https://registry.npmjs.org/@babel/helper-module-transforms/-/helper-module-transforms-7.28.6.tgz. Extracting by manifest.
419 silly tarball no local data for @babel/helper-module-imports@https://registry.npmjs.org/@babel/helper-module-imports/-/helper-module-imports-7.28.6.tgz. Extracting by manifest.
420 silly tarball no local data for @babel/helper-globals@https://registry.npmjs.org/@babel/helper-globals/-/helper-globals-7.28.0.tgz. Extracting by manifest.
421 silly tarball no local data for @babel/helper-compilation-targets@https://registry.npmjs.org/@babel/helper-compilation-targets/-/helper-compilation-targets-7.28.6.tgz. Extracting by manifest.
422 silly tarball no local data for @babel/generator@https://registry.npmjs.org/@babel/generator/-/generator-7.29.1.tgz. Extracting by manifest.
423 silly tarball no local data for @babel/core@https://registry.npmjs.org/@babel/core/-/core-7.29.0.tgz. Extracting by manifest.
424 silly tarball no local data for @babel/compat-data@https://registry.npmjs.org/@babel/compat-data/-/compat-data-7.29.0.tgz. Extracting by manifest.
425 silly tarball no local data for @babel/code-frame@https://registry.npmjs.org/@babel/code-frame/-/code-frame-7.29.0.tgz. Extracting by manifest.
426 silly tarball no local data for @alloc/quick-lru@https://registry.npmjs.org/@alloc/quick-lru/-/quick-lru-5.2.0.tgz. Extracting by manifest.
427 silly tarball no local data for picomatch@https://registry.npmjs.org/picomatch/-/picomatch-4.0.3.tgz. Extracting by manifest.
428 silly tarball no local data for picomatch@https://registry.npmjs.org/picomatch/-/picomatch-4.0.3.tgz. Extracting by manifest.
429 silly tarball no local data for fdir@https://registry.npmjs.org/fdir/-/fdir-6.5.0.tgz. Extracting by manifest.
430 silly tarball no local data for fdir@https://registry.npmjs.org/fdir/-/fdir-6.5.0.tgz. Extracting by manifest.
431 silly tarball no local data for glob-parent@https://registry.npmjs.org/glob-parent/-/glob-parent-5.1.2.tgz. Extracting by manifest.
432 silly tarball no local data for cookie@https://registry.npmjs.org/cookie/-/cookie-1.1.1.tgz. Extracting by manifest.
433 silly tarball no local data for glob-parent@https://registry.npmjs.org/glob-parent/-/glob-parent-5.1.2.tgz. Extracting by manifest.
434 silly tarball no local data for is-number@https://registry.npmjs.org/is-number/-/is-number-7.0.0.tgz. Extracting by manifest.
435 http fetch GET https://registry.npmjs.org/zustand/-/zustand-4.5.7.tgz attempt 1 failed with ENOTFOUND
436 http fetch GET https://registry.npmjs.org/yallist/-/yallist-3.1.1.tgz attempt 1 failed with ENOTFOUND
437 http fetch GET https://registry.npmjs.org/ws/-/ws-8.19.0.tgz attempt 1 failed with ENOTFOUND
438 http fetch GET https://registry.npmjs.org/util-deprecate/-/util-deprecate-1.0.2.tgz attempt 1 failed with ENOTFOUND
439 http fetch GET https://registry.npmjs.org/use-sync-external-store/-/use-sync-external-store-1.6.0.tgz attempt 1 failed with ENOTFOUND
440 http fetch GET https://registry.npmjs.org/update-browserslist-db/-/update-browserslist-db-1.2.3.tgz attempt 1 failed with ENOTFOUND
441 http fetch GET https://registry.npmjs.org/undici-types/-/undici-types-7.18.2.tgz attempt 1 failed with ENOTFOUND
442 http fetch GET https://registry.npmjs.org/tslib/-/tslib-2.8.1.tgz attempt 1 failed with ENOTFOUND
443 http fetch GET https://registry.npmjs.org/vite/-/vite-7.3.1.tgz attempt 1 failed with ENOTFOUND
444 http fetch GET https://registry.npmjs.org/ts-interface-checker/-/ts-interface-checker-0.1.13.tgz attempt 1 failed with ENOTFOUND
445 http fetch GET https://registry.npmjs.org/to-regex-range/-/to-regex-range-5.0.1.tgz attempt 1 failed with ENOTFOUND
446 http fetch GET https://registry.npmjs.org/tinyglobby/-/tinyglobby-0.2.15.tgz attempt 1 failed with ENOTFOUND
447 http fetch GET https://registry.npmjs.org/thenify-all/-/thenify-all-1.6.0.tgz attempt 1 failed with ENOTFOUND
448 http fetch GET https://registry.npmjs.org/thenify/-/thenify-3.3.1.tgz attempt 1 failed with ENOTFOUND
449 http fetch GET https://registry.npmjs.org/supports-preserve-symlinks-flag/-/supports-preserve-symlinks-flag-1.0.0.tgz attempt 1 failed with ENOTFOUND
450 http fetch GET https://registry.npmjs.org/npm attempt 2 failed with ENOTFOUND
451 http fetch GET https://registry.npmjs.org/zustand/-/zustand-4.5.7.tgz attempt 2 failed with ENOTFOUND
452 http fetch GET https://registry.npmjs.org/yallist/-/yallist-3.1.1.tgz attempt 2 failed with ENOTFOUND
453 http fetch GET https://registry.npmjs.org/ws/-/ws-8.19.0.tgz attempt 2 failed with ENOTFOUND
454 http fetch GET https://registry.npmjs.org/util-deprecate/-/util-deprecate-1.0.2.tgz attempt 2 failed with ENOTFOUND
455 http fetch GET https://registry.npmjs.org/use-sync-external-store/-/use-sync-external-store-1.6.0.tgz attempt 2 failed with ENOTFOUND
456 http fetch GET https://registry.npmjs.org/update-browserslist-db/-/update-browserslist-db-1.2.3.tgz attempt 2 failed with ENOTFOUND
457 http fetch GET https://registry.npmjs.org/undici-types/-/undici-types-7.18.2.tgz attempt 2 failed with ENOTFOUND
458 http fetch GET https://registry.npmjs.org/tslib/-/tslib-2.8.1.tgz attempt 2 failed with ENOTFOUND
459 http fetch GET https://registry.npmjs.org/vite/-/vite-7.3.1.tgz attempt 2 failed with ENOTFOUND
460 http fetch GET https://registry.npmjs.org/ts-interface-checker/-/ts-interface-checker-0.1.13.tgz attempt 2 failed with ENOTFOUND
461 http fetch GET https://registry.npmjs.org/to-regex-range/-/to-regex-range-5.0.1.tgz attempt 2 failed with ENOTFOUND
462 http fetch GET https://registry.npmjs.org/tinyglobby/-/tinyglobby-0.2.15.tgz attempt 2 failed with ENOTFOUND
463 http fetch GET https://registry.npmjs.org/thenify-all/-/thenify-all-1.6.0.tgz attempt 2 failed with ENOTFOUND
464 http fetch GET https://registry.npmjs.org/thenify/-/thenify-3.3.1.tgz attempt 2 failed with ENOTFOUND
465 http fetch GET https://registry.npmjs.org/supports-preserve-symlinks-flag/-/supports-preserve-symlinks-flag-1.0.0.tgz attempt 2 failed with ENOTFOUND
466 http fetch GET https://registry.npmjs.org/npm attempt 3 failed with ENOTFOUND
467 http fetch GET https://registry.npmjs.org/zustand/-/zustand-4.5.7.tgz attempt 3 failed with ENOTFOUND
468 http fetch GET https://registry.npmjs.org/yallist/-/yallist-3.1.1.tgz attempt 3 failed with ENOTFOUND
469 http fetch GET https://registry.npmjs.org/ws/-/ws-8.19.0.tgz attempt 3 failed with ENOTFOUND
470 http fetch GET https://registry.npmjs.org/util-deprecate/-/util-deprecate-1.0.2.tgz attempt 3 failed with ENOTFOUND
471 http fetch GET https://registry.npmjs.org/use-sync-external-store/-/use-sync-external-store-1.6.0.tgz attempt 3 failed with ENOTFOUND
472 http fetch GET https://registry.npmjs.org/update-browserslist-db/-/update-browserslist-db-1.2.3.tgz attempt 3 failed with ENOTFOUND
473 http fetch GET https://registry.npmjs.org/undici-types/-/undici-types-7.18.2.tgz attempt 3 failed with ENOTFOUND
474 http fetch GET https://registry.npmjs.org/tslib/-/tslib-2.8.1.tgz attempt 3 failed with ENOTFOUND
475 http fetch GET https://registry.npmjs.org/vite/-/vite-7.3.1.tgz attempt 3 failed with ENOTFOUND
476 http fetch GET https://registry.npmjs.org/ts-interface-checker/-/ts-interface-checker-0.1.13.tgz attempt 3 failed with ENOTFOUND
477 http fetch GET https://registry.npmjs.org/to-regex-range/-/to-regex-range-5.0.1.tgz attempt 3 failed with ENOTFOUND
478 http fetch GET https://registry.npmjs.org/tinyglobby/-/tinyglobby-0.2.15.tgz attempt 3 failed with ENOTFOUND
479 http fetch GET https://registry.npmjs.org/thenify-all/-/thenify-all-1.6.0.tgz attempt 3 failed with ENOTFOUND
480 http fetch GET https://registry.npmjs.org/thenify/-/thenify-3.3.1.tgz attempt 3 failed with ENOTFOUND
481 http fetch GET https://registry.npmjs.org/supports-preserve-symlinks-flag/-/supports-preserve-symlinks-flag-1.0.0.tgz attempt 3 failed with ENOTFOUND
482 verbose cwd /Users/ton/Desktop/columbia-academic/courses/start-up/Tripable
483 verbose os Darwin 23.4.0
484 verbose node v24.2.0
485 verbose npm  v11.3.0
486 error Exit handler never called!
487 error This is an error with npm itself. Please report this error at:
488 error   <https://github.com/npm/cli/issues>
489 verbose exit 1
490 verbose code 1
491 error A complete log of this run can be found in: /Users/ton/Desktop/columbia-academic/courses/start-up/Tripable/.npm-cache/_logs/2026-03-24T17_19_11_518Z-debug-0.log
